<?xml version="1.0" encoding="UTF-8"?>
<testsuite xmlns:xsi="http://www.w3.org/2001/XMLSchema-instance" xsi:noNamespaceSchemaLocation="https://maven.apache.org/surefire/maven-surefire-plugin/xsd/surefire-test-report-3.0.xsd" version="3.0" name="com.hospital.controller.HeartAttackPredictionControllerTest" time="0.777" tests="2" errors="0" skipped="0" failures="0">
  <properties>
    <property name="java.specification.version" value="17"/>
    <property name="sun.jnu.encoding" value="UTF-8"/>
    <property name="java.class.path" value="/home/amanve/Desktop/SDE_Project/microservices/backend/target/test-classes:/home/amanve/Desktop/SDE_Project/microservices/backend/target/classes:/home/amanve/.m2/repository/org/python/jython-standalone/2.7.3/jython-standalone-2.7.3.jar:/home/amanve/.m2/repository/io/springfox/springfox-boot-starter/3.0.0/springfox-boot-starter-3.0.0.jar:/home/amanve/.m2/repository/io/springfox/springfox-oas/3.0.0/springfox-oas-3.0.0.jar:/home/amanve/.m2/repository/io/swagger/core/v3/swagger-annotations/2.1.2/swagger-annotations-2.1.2.jar:/home/amanve/.m2/repository/io/swagger/core/v3/swagger-models/2.1.2/swagger-models-2.1.2.jar:/home/amanve/.m2/repository/io/springfox/springfox-spi/3.0.0/springfox-spi-3.0.0.jar:/home/amanve/.m2/repository/io/springfox/springfox-schema/3.0.0/springfox-schema-3.0.0.jar:/home/amanve/.m2/repository/io/springfox/springfox-core/3.0.0/springfox-core-3.0.0.jar:/home/amanve/.m2/repository/io/springfox/springfox-spring-web/3.0.0/springfox-spring-web-3.0.0.jar:/home/amanve/.m2/repository/io/github/classgraph/classgraph/4.8.83/classgraph-4.8.83.jar:/home/amanve/.m2/repository/io/springfox/springfox-spring-webmvc/3.0.0/springfox-spring-webmvc-3.0.0.jar:/home/amanve/.m2/repository/io/springfox/springfox-spring-webflux/3.0.0/springfox-spring-webflux-3.0.0.jar:/home/amanve/.m2/repository/io/springfox/springfox-swagger-common/3.0.0/springfox-swagger-common-3.0.0.jar:/home/amanve/.m2/repository/org/mapstruct/mapstruct/1.3.1.Final/mapstruct-1.3.1.Final.jar:/home/amanve/.m2/repository/io/springfox/springfox-data-rest/3.0.0/springfox-data-rest-3.0.0.jar:/home/amanve/.m2/repository/io/springfox/springfox-bean-validators/3.0.0/springfox-bean-validators-3.0.0.jar:/home/amanve/.m2/repository/io/springfox/springfox-swagger2/3.0.0/springfox-swagger2-3.0.0.jar:/home/amanve/.m2/repository/io/swagger/swagger-annotations/1.5.20/swagger-annotations-1.5.20.jar:/home/amanve/.m2/repository/io/swagger/swagger-models/1.5.20/swagger-models-1.5.20.jar:/home/amanve/.m2/repository/io/springfox/springfox-swagger-ui/3.0.0/springfox-swagger-ui-3.0.0.jar:/home/amanve/.m2/repository/com/fasterxml/classmate/1.6.0/classmate-1.6.0.jar:/home/amanve/.m2/repository/org/slf4j/slf4j-api/2.0.12/slf4j-api-2.0.12.jar:/home/amanve/.m2/repository/org/springframework/plugin/spring-plugin-core/2.0.0.RELEASE/spring-plugin-core-2.0.0.RELEASE.jar:/home/amanve/.m2/repository/org/springframework/spring-beans/6.1.4/spring-beans-6.1.4.jar:/home/amanve/.m2/repository/org/springframework/spring-context/6.1.4/spring-context-6.1.4.jar:/home/amanve/.m2/repository/org/springframework/plugin/spring-plugin-metadata/2.0.0.RELEASE/spring-plugin-metadata-2.0.0.RELEASE.jar:/home/amanve/.m2/repository/org/springframework/boot/spring-boot-starter-web/3.2.3/spring-boot-starter-web-3.2.3.jar:/home/amanve/.m2/repository/org/springframework/boot/spring-boot-starter/3.2.3/spring-boot-starter-3.2.3.jar:/home/amanve/.m2/repository/org/springframework/boot/spring-boot/3.2.3/spring-boot-3.2.3.jar:/home/amanve/.m2/repository/org/springframework/boot/spring-boot-autoconfigure/3.2.3/spring-boot-autoconfigure-3.2.3.jar:/home/amanve/.m2/repository/org/springframework/boot/spring-boot-starter-logging/3.2.3/spring-boot-starter-logging-3.2.3.jar:/home/amanve/.m2/repository/ch/qos/logback/logback-classic/1.4.14/logback-classic-1.4.14.jar:/home/amanve/.m2/repository/ch/qos/logback/logback-core/1.4.14/logback-core-1.4.14.jar:/home/amanve/.m2/repository/org/apache/logging/log4j/log4j-to-slf4j/2.21.1/log4j-to-slf4j-2.21.1.jar:/home/amanve/.m2/repository/org/apache/logging/log4j/log4j-api/2.21.1/log4j-api-2.21.1.jar:/home/amanve/.m2/repository/org/slf4j/jul-to-slf4j/2.0.12/jul-to-slf4j-2.0.12.jar:/home/amanve/.m2/repository/jakarta/annotation/jakarta.annotation-api/2.1.1/jakarta.annotation-api-2.1.1.jar:/home/amanve/.m2/repository/org/yaml/snakeyaml/2.2/snakeyaml-2.2.jar:/home/amanve/.m2/repository/org/springframework/boot/spring-boot-starter-json/3.2.3/spring-boot-starter-json-3.2.3.jar:/home/amanve/.m2/repository/com/fasterxml/jackson/datatype/jackson-datatype-jdk8/2.15.4/jackson-datatype-jdk8-2.15.4.jar:/home/amanve/.m2/repository/com/fasterxml/jackson/datatype/jackson-datatype-jsr310/2.15.4/jackson-datatype-jsr310-2.15.4.jar:/home/amanve/.m2/repository/com/fasterxml/jackson/module/jackson-module-parameter-names/2.15.4/jackson-module-parameter-names-2.15.4.jar:/home/amanve/.m2/repository/org/springframework/boot/spring-boot-starter-tomcat/3.2.3/spring-boot-starter-tomcat-3.2.3.jar:/home/amanve/.m2/repository/org/apache/tomcat/embed/tomcat-embed-core/10.1.19/tomcat-embed-core-10.1.19.jar:/home/amanve/.m2/repository/org/apache/tomcat/embed/tomcat-embed-websocket/10.1.19/tomcat-embed-websocket-10.1.19.jar:/home/amanve/.m2/repository/org/springframework/spring-web/6.1.4/spring-web-6.1.4.jar:/home/amanve/.m2/repository/io/micrometer/micrometer-observation/1.12.3/micrometer-observation-1.12.3.jar:/home/amanve/.m2/repository/org/springframework/spring-webmvc/6.1.4/spring-webmvc-6.1.4.jar:/home/amanve/.m2/repository/org/springframework/spring-expression/6.1.4/spring-expression-6.1.4.jar:/home/amanve/.m2/repository/org/springframework/boot/spring-boot-starter-data-jpa/3.2.3/spring-boot-starter-data-jpa-3.2.3.jar:/home/amanve/.m2/repository/org/springframework/boot/spring-boot-starter-aop/3.2.3/spring-boot-starter-aop-3.2.3.jar:/home/amanve/.m2/repository/org/aspectj/aspectjweaver/1.9.21/aspectjweaver-1.9.21.jar:/home/amanve/.m2/repository/org/springframework/boot/spring-boot-starter-jdbc/3.2.3/spring-boot-starter-jdbc-3.2.3.jar:/home/amanve/.m2/repository/com/zaxxer/HikariCP/5.0.1/HikariCP-5.0.1.jar:/home/amanve/.m2/repository/org/springframework/spring-jdbc/6.1.4/spring-jdbc-6.1.4.jar:/home/amanve/.m2/repository/org/hibernate/orm/hibernate-core/6.4.4.Final/hibernate-core-6.4.4.Final.jar:/home/amanve/.m2/repository/jakarta/persistence/jakarta.persistence-api/3.1.0/jakarta.persistence-api-3.1.0.jar:/home/amanve/.m2/repository/jakarta/transaction/jakarta.transaction-api/2.0.1/jakarta.transaction-api-2.0.1.jar:/home/amanve/.m2/repository/org/jboss/logging/jboss-logging/3.5.3.Final/jboss-logging-3.5.3.Final.jar:/home/amanve/.m2/repository/org/hibernate/common/hibernate-commons-annotations/6.0.6.Final/hibernate-commons-annotations-6.0.6.Final.jar:/home/amanve/.m2/repository/io/smallrye/jandex/3.1.2/jandex-3.1.2.jar:/home/amanve/.m2/repository/net/bytebuddy/byte-buddy/1.14.12/byte-buddy-1.14.12.jar:/home/amanve/.m2/repository/org/glassfish/jaxb/jaxb-runtime/4.0.4/jaxb-runtime-4.0.4.jar:/home/amanve/.m2/repository/org/glassfish/jaxb/jaxb-core/4.0.4/jaxb-core-4.0.4.jar:/home/amanve/.m2/repository/org/eclipse/angus/angus-activation/2.0.1/angus-activation-2.0.1.jar:/home/amanve/.m2/repository/org/glassfish/jaxb/txw2/4.0.4/txw2-4.0.4.jar:/home/amanve/.m2/repository/com/sun/istack/istack-commons-runtime/4.1.2/istack-commons-runtime-4.1.2.jar:/home/amanve/.m2/repository/jakarta/inject/jakarta.inject-api/2.0.1/jakarta.inject-api-2.0.1.jar:/home/amanve/.m2/repository/org/antlr/antlr4-runtime/4.13.0/antlr4-runtime-4.13.0.jar:/home/amanve/.m2/repository/org/springframework/data/spring-data-jpa/3.2.3/spring-data-jpa-3.2.3.jar:/home/amanve/.m2/repository/org/springframework/data/spring-data-commons/3.2.3/spring-data-commons-3.2.3.jar:/home/amanve/.m2/repository/org/springframework/spring-orm/6.1.4/spring-orm-6.1.4.jar:/home/amanve/.m2/repository/org/springframework/spring-tx/6.1.4/spring-tx-6.1.4.jar:/home/amanve/.m2/repository/org/springframework/spring-aspects/6.1.4/spring-aspects-6.1.4.jar:/home/amanve/.m2/repository/org/springframework/boot/spring-boot-starter-security/3.2.3/spring-boot-starter-security-3.2.3.jar:/home/amanve/.m2/repository/org/springframework/spring-aop/6.1.4/spring-aop-6.1.4.jar:/home/amanve/.m2/repository/org/springframework/security/spring-security-config/6.2.2/spring-security-config-6.2.2.jar:/home/amanve/.m2/repository/org/springframework/security/spring-security-web/6.2.2/spring-security-web-6.2.2.jar:/home/amanve/.m2/repository/org/springframework/boot/spring-boot-starter-validation/3.2.3/spring-boot-starter-validation-3.2.3.jar:/home/amanve/.m2/repository/org/apache/tomcat/embed/tomcat-embed-el/10.1.19/tomcat-embed-el-10.1.19.jar:/home/amanve/.m2/repository/org/hibernate/validator/hibernate-validator/8.0.1.Final/hibernate-validator-8.0.1.Final.jar:/home/amanve/.m2/repository/jakarta/validation/jakarta.validation-api/3.0.2/jakarta.validation-api-3.0.2.jar:/home/amanve/.m2/repository/com/mysql/mysql-connector-j/8.3.0/mysql-connector-j-8.3.0.jar:/home/amanve/.m2/repository/io/jsonwebtoken/jjwt-api/0.11.5/jjwt-api-0.11.5.jar:/home/amanve/.m2/repository/io/jsonwebtoken/jjwt-impl/0.11.5/jjwt-impl-0.11.5.jar:/home/amanve/.m2/repository/io/jsonwebtoken/jjwt-jackson/0.11.5/jjwt-jackson-0.11.5.jar:/home/amanve/.m2/repository/com/fasterxml/jackson/core/jackson-databind/2.15.4/jackson-databind-2.15.4.jar:/home/amanve/.m2/repository/com/fasterxml/jackson/core/jackson-annotations/2.15.4/jackson-annotations-2.15.4.jar:/home/amanve/.m2/repository/com/fasterxml/jackson/core/jackson-core/2.15.4/jackson-core-2.15.4.jar:/home/amanve/.m2/repository/org/projectlombok/lombok/1.18.30/lombok-1.18.30.jar:/home/amanve/.m2/repository/org/springframework/boot/spring-boot-starter-test/3.2.3/spring-boot-starter-test-3.2.3.jar:/home/amanve/.m2/repository/org/springframework/boot/spring-boot-test/3.2.3/spring-boot-test-3.2.3.jar:/home/amanve/.m2/repository/org/springframework/boot/spring-boot-test-autoconfigure/3.2.3/spring-boot-test-autoconfigure-3.2.3.jar:/home/amanve/.m2/repository/com/jayway/jsonpath/json-path/2.9.0/json-path-2.9.0.jar:/home/amanve/.m2/repository/jakarta/xml/bind/jakarta.xml.bind-api/4.0.1/jakarta.xml.bind-api-4.0.1.jar:/home/amanve/.m2/repository/jakarta/activation/jakarta.activation-api/2.1.2/jakarta.activation-api-2.1.2.jar:/home/amanve/.m2/repository/net/minidev/json-smart/2.5.0/json-smart-2.5.0.jar:/home/amanve/.m2/repository/net/minidev/accessors-smart/2.5.0/accessors-smart-2.5.0.jar:/home/amanve/.m2/repository/org/ow2/asm/asm/9.3/asm-9.3.jar:/home/amanve/.m2/repository/org/assertj/assertj-core/3.24.2/assertj-core-3.24.2.jar:/home/amanve/.m2/repository/org/awaitility/awaitility/4.2.0/awaitility-4.2.0.jar:/home/amanve/.m2/repository/org/hamcrest/hamcrest/2.2/hamcrest-2.2.jar:/home/amanve/.m2/repository/org/junit/jupiter/junit-jupiter/5.10.2/junit-jupiter-5.10.2.jar:/home/amanve/.m2/repository/org/junit/jupiter/junit-jupiter-api/5.10.2/junit-jupiter-api-5.10.2.jar:/home/amanve/.m2/repository/org/opentest4j/opentest4j/1.3.0/opentest4j-1.3.0.jar:/home/amanve/.m2/repository/org/junit/platform/junit-platform-commons/1.10.2/junit-platform-commons-1.10.2.jar:/home/amanve/.m2/repository/org/apiguardian/apiguardian-api/1.1.2/apiguardian-api-1.1.2.jar:/home/amanve/.m2/repository/org/junit/jupiter/junit-jupiter-params/5.10.2/junit-jupiter-params-5.10.2.jar:/home/amanve/.m2/repository/org/junit/jupiter/junit-jupiter-engine/5.10.2/junit-jupiter-engine-5.10.2.jar:/home/amanve/.m2/repository/org/junit/platform/junit-platform-engine/1.10.2/junit-platform-engine-1.10.2.jar:/home/amanve/.m2/repository/org/mockito/mockito-core/5.7.0/mockito-core-5.7.0.jar:/home/amanve/.m2/repository/net/bytebuddy/byte-buddy-agent/1.14.12/byte-buddy-agent-1.14.12.jar:/home/amanve/.m2/repository/org/objenesis/objenesis/3.3/objenesis-3.3.jar:/home/amanve/.m2/repository/org/mockito/mockito-junit-jupiter/5.7.0/mockito-junit-jupiter-5.7.0.jar:/home/amanve/.m2/repository/org/skyscreamer/jsonassert/1.5.1/jsonassert-1.5.1.jar:/home/amanve/.m2/repository/com/vaadin/external/google/android-json/0.0.20131108.vaadin1/android-json-0.0.20131108.vaadin1.jar:/home/amanve/.m2/repository/org/springframework/spring-core/6.1.4/spring-core-6.1.4.jar:/home/amanve/.m2/repository/org/springframework/spring-jcl/6.1.4/spring-jcl-6.1.4.jar:/home/amanve/.m2/repository/org/springframework/spring-test/6.1.4/spring-test-6.1.4.jar:/home/amanve/.m2/repository/org/xmlunit/xmlunit-core/2.9.1/xmlunit-core-2.9.1.jar:/home/amanve/.m2/repository/org/springframework/security/spring-security-test/6.2.2/spring-security-test-6.2.2.jar:/home/amanve/.m2/repository/org/springframework/security/spring-security-core/6.2.2/spring-security-core-6.2.2.jar:/home/amanve/.m2/repository/org/springframework/security/spring-security-crypto/6.2.2/spring-security-crypto-6.2.2.jar:/home/amanve/.m2/repository/com/h2database/h2/2.2.224/h2-2.2.224.jar:/home/amanve/.m2/repository/io/micrometer/micrometer-registry-prometheus/1.12.3/micrometer-registry-prometheus-1.12.3.jar:/home/amanve/.m2/repository/io/micrometer/micrometer-core/1.12.3/micrometer-core-1.12.3.jar:/home/amanve/.m2/repository/io/micrometer/micrometer-commons/1.12.3/micrometer-commons-1.12.3.jar:/home/amanve/.m2/repository/org/hdrhistogram/HdrHistogram/2.1.12/HdrHistogram-2.1.12.jar:/home/amanve/.m2/repository/org/latencyutils/LatencyUtils/2.0.3/LatencyUtils-2.0.3.jar:/home/amanve/.m2/repository/io/prometheus/simpleclient_common/0.16.0/simpleclient_common-0.16.0.jar:/home/amanve/.m2/repository/io/prometheus/simpleclient/0.16.0/simpleclient-0.16.0.jar:/home/amanve/.m2/repository/io/prometheus/simpleclient_tracer_otel/0.16.0/simpleclient_tracer_otel-0.16.0.jar:/home/amanve/.m2/repository/io/prometheus/simpleclient_tracer_common/0.16.0/simpleclient_tracer_common-0.16.0.jar:/home/amanve/.m2/repository/io/prometheus/simpleclient_tracer_otel_agent/0.16.0/simpleclient_tracer_otel_agent-0.16.0.jar:"/>
    <property name="java.vm.vendor" value="Ubuntu"/>
    <property name="sun.arch.data.model" value="64"/>
    <property name="java.vendor.url" value="https://ubuntu.com/"/>
    <property name="user.timezone" value="Asia/Kolkata"/>
    <property name="org.jboss.logging.provider" value="slf4j"/>
    <property name="os.name" value="Linux"/>
    <property name="java.vm.specification.version" value="17"/>
    <property name="sun.java.launcher" value="SUN_STANDARD"/>
    <property name="user.country" value="US"/>
    <property name="sun.boot.library.path" value="/usr/lib/jvm/java-17-openjdk-amd64/lib"/>
    <property name="sun.java.command" value="/home/amanve/Desktop/SDE_Project/microservices/backend/target/surefire/surefirebooter-20250525141929921_3.jar /home/amanve/Desktop/SDE_Project/microservices/backend/target/surefire 2025-05-25T14-19-29_843-jvmRun1 surefire-20250525141929921_1tmp surefire_0-20250525141929921_2tmp"/>
    <property name="jdk.debug" value="release"/>
    <property name="surefire.test.class.path" value="/home/amanve/Desktop/SDE_Project/microservices/backend/target/test-classes:/home/amanve/Desktop/SDE_Project/microservices/backend/target/classes:/home/amanve/.m2/repository/org/python/jython-standalone/2.7.3/jython-standalone-2.7.3.jar:/home/amanve/.m2/repository/io/springfox/springfox-boot-starter/3.0.0/springfox-boot-starter-3.0.0.jar:/home/amanve/.m2/repository/io/springfox/springfox-oas/3.0.0/springfox-oas-3.0.0.jar:/home/amanve/.m2/repository/io/swagger/core/v3/swagger-annotations/2.1.2/swagger-annotations-2.1.2.jar:/home/amanve/.m2/repository/io/swagger/core/v3/swagger-models/2.1.2/swagger-models-2.1.2.jar:/home/amanve/.m2/repository/io/springfox/springfox-spi/3.0.0/springfox-spi-3.0.0.jar:/home/amanve/.m2/repository/io/springfox/springfox-schema/3.0.0/springfox-schema-3.0.0.jar:/home/amanve/.m2/repository/io/springfox/springfox-core/3.0.0/springfox-core-3.0.0.jar:/home/amanve/.m2/repository/io/springfox/springfox-spring-web/3.0.0/springfox-spring-web-3.0.0.jar:/home/amanve/.m2/repository/io/github/classgraph/classgraph/4.8.83/classgraph-4.8.83.jar:/home/amanve/.m2/repository/io/springfox/springfox-spring-webmvc/3.0.0/springfox-spring-webmvc-3.0.0.jar:/home/amanve/.m2/repository/io/springfox/springfox-spring-webflux/3.0.0/springfox-spring-webflux-3.0.0.jar:/home/amanve/.m2/repository/io/springfox/springfox-swagger-common/3.0.0/springfox-swagger-common-3.0.0.jar:/home/amanve/.m2/repository/org/mapstruct/mapstruct/1.3.1.Final/mapstruct-1.3.1.Final.jar:/home/amanve/.m2/repository/io/springfox/springfox-data-rest/3.0.0/springfox-data-rest-3.0.0.jar:/home/amanve/.m2/repository/io/springfox/springfox-bean-validators/3.0.0/springfox-bean-validators-3.0.0.jar:/home/amanve/.m2/repository/io/springfox/springfox-swagger2/3.0.0/springfox-swagger2-3.0.0.jar:/home/amanve/.m2/repository/io/swagger/swagger-annotations/1.5.20/swagger-annotations-1.5.20.jar:/home/amanve/.m2/repository/io/swagger/swagger-models/1.5.20/swagger-models-1.5.20.jar:/home/amanve/.m2/repository/io/springfox/springfox-swagger-ui/3.0.0/springfox-swagger-ui-3.0.0.jar:/home/amanve/.m2/repository/com/fasterxml/classmate/1.6.0/classmate-1.6.0.jar:/home/amanve/.m2/repository/org/slf4j/slf4j-api/2.0.12/slf4j-api-2.0.12.jar:/home/amanve/.m2/repository/org/springframework/plugin/spring-plugin-core/2.0.0.RELEASE/spring-plugin-core-2.0.0.RELEASE.jar:/home/amanve/.m2/repository/org/springframework/spring-beans/6.1.4/spring-beans-6.1.4.jar:/home/amanve/.m2/repository/org/springframework/spring-context/6.1.4/spring-context-6.1.4.jar:/home/amanve/.m2/repository/org/springframework/plugin/spring-plugin-metadata/2.0.0.RELEASE/spring-plugin-metadata-2.0.0.RELEASE.jar:/home/amanve/.m2/repository/org/springframework/boot/spring-boot-starter-web/3.2.3/spring-boot-starter-web-3.2.3.jar:/home/amanve/.m2/repository/org/springframework/boot/spring-boot-starter/3.2.3/spring-boot-starter-3.2.3.jar:/home/amanve/.m2/repository/org/springframework/boot/spring-boot/3.2.3/spring-boot-3.2.3.jar:/home/amanve/.m2/repository/org/springframework/boot/spring-boot-autoconfigure/3.2.3/spring-boot-autoconfigure-3.2.3.jar:/home/amanve/.m2/repository/org/springframework/boot/spring-boot-starter-logging/3.2.3/spring-boot-starter-logging-3.2.3.jar:/home/amanve/.m2/repository/ch/qos/logback/logback-classic/1.4.14/logback-classic-1.4.14.jar:/home/amanve/.m2/repository/ch/qos/logback/logback-core/1.4.14/logback-core-1.4.14.jar:/home/amanve/.m2/repository/org/apache/logging/log4j/log4j-to-slf4j/2.21.1/log4j-to-slf4j-2.21.1.jar:/home/amanve/.m2/repository/org/apache/logging/log4j/log4j-api/2.21.1/log4j-api-2.21.1.jar:/home/amanve/.m2/repository/org/slf4j/jul-to-slf4j/2.0.12/jul-to-slf4j-2.0.12.jar:/home/amanve/.m2/repository/jakarta/annotation/jakarta.annotation-api/2.1.1/jakarta.annotation-api-2.1.1.jar:/home/amanve/.m2/repository/org/yaml/snakeyaml/2.2/snakeyaml-2.2.jar:/home/amanve/.m2/repository/org/springframework/boot/spring-boot-starter-json/3.2.3/spring-boot-starter-json-3.2.3.jar:/home/amanve/.m2/repository/com/fasterxml/jackson/datatype/jackson-datatype-jdk8/2.15.4/jackson-datatype-jdk8-2.15.4.jar:/home/amanve/.m2/repository/com/fasterxml/jackson/datatype/jackson-datatype-jsr310/2.15.4/jackson-datatype-jsr310-2.15.4.jar:/home/amanve/.m2/repository/com/fasterxml/jackson/module/jackson-module-parameter-names/2.15.4/jackson-module-parameter-names-2.15.4.jar:/home/amanve/.m2/repository/org/springframework/boot/spring-boot-starter-tomcat/3.2.3/spring-boot-starter-tomcat-3.2.3.jar:/home/amanve/.m2/repository/org/apache/tomcat/embed/tomcat-embed-core/10.1.19/tomcat-embed-core-10.1.19.jar:/home/amanve/.m2/repository/org/apache/tomcat/embed/tomcat-embed-websocket/10.1.19/tomcat-embed-websocket-10.1.19.jar:/home/amanve/.m2/repository/org/springframework/spring-web/6.1.4/spring-web-6.1.4.jar:/home/amanve/.m2/repository/io/micrometer/micrometer-observation/1.12.3/micrometer-observation-1.12.3.jar:/home/amanve/.m2/repository/org/springframework/spring-webmvc/6.1.4/spring-webmvc-6.1.4.jar:/home/amanve/.m2/repository/org/springframework/spring-expression/6.1.4/spring-expression-6.1.4.jar:/home/amanve/.m2/repository/org/springframework/boot/spring-boot-starter-data-jpa/3.2.3/spring-boot-starter-data-jpa-3.2.3.jar:/home/amanve/.m2/repository/org/springframework/boot/spring-boot-starter-aop/3.2.3/spring-boot-starter-aop-3.2.3.jar:/home/amanve/.m2/repository/org/aspectj/aspectjweaver/1.9.21/aspectjweaver-1.9.21.jar:/home/amanve/.m2/repository/org/springframework/boot/spring-boot-starter-jdbc/3.2.3/spring-boot-starter-jdbc-3.2.3.jar:/home/amanve/.m2/repository/com/zaxxer/HikariCP/5.0.1/HikariCP-5.0.1.jar:/home/amanve/.m2/repository/org/springframework/spring-jdbc/6.1.4/spring-jdbc-6.1.4.jar:/home/amanve/.m2/repository/org/hibernate/orm/hibernate-core/6.4.4.Final/hibernate-core-6.4.4.Final.jar:/home/amanve/.m2/repository/jakarta/persistence/jakarta.persistence-api/3.1.0/jakarta.persistence-api-3.1.0.jar:/home/amanve/.m2/repository/jakarta/transaction/jakarta.transaction-api/2.0.1/jakarta.transaction-api-2.0.1.jar:/home/amanve/.m2/repository/org/jboss/logging/jboss-logging/3.5.3.Final/jboss-logging-3.5.3.Final.jar:/home/amanve/.m2/repository/org/hibernate/common/hibernate-commons-annotations/6.0.6.Final/hibernate-commons-annotations-6.0.6.Final.jar:/home/amanve/.m2/repository/io/smallrye/jandex/3.1.2/jandex-3.1.2.jar:/home/amanve/.m2/repository/net/bytebuddy/byte-buddy/1.14.12/byte-buddy-1.14.12.jar:/home/amanve/.m2/repository/org/glassfish/jaxb/jaxb-runtime/4.0.4/jaxb-runtime-4.0.4.jar:/home/amanve/.m2/repository/org/glassfish/jaxb/jaxb-core/4.0.4/jaxb-core-4.0.4.jar:/home/amanve/.m2/repository/org/eclipse/angus/angus-activation/2.0.1/angus-activation-2.0.1.jar:/home/amanve/.m2/repository/org/glassfish/jaxb/txw2/4.0.4/txw2-4.0.4.jar:/home/amanve/.m2/repository/com/sun/istack/istack-commons-runtime/4.1.2/istack-commons-runtime-4.1.2.jar:/home/amanve/.m2/repository/jakarta/inject/jakarta.inject-api/2.0.1/jakarta.inject-api-2.0.1.jar:/home/amanve/.m2/repository/org/antlr/antlr4-runtime/4.13.0/antlr4-runtime-4.13.0.jar:/home/amanve/.m2/repository/org/springframework/data/spring-data-jpa/3.2.3/spring-data-jpa-3.2.3.jar:/home/amanve/.m2/repository/org/springframework/data/spring-data-commons/3.2.3/spring-data-commons-3.2.3.jar:/home/amanve/.m2/repository/org/springframework/spring-orm/6.1.4/spring-orm-6.1.4.jar:/home/amanve/.m2/repository/org/springframework/spring-tx/6.1.4/spring-tx-6.1.4.jar:/home/amanve/.m2/repository/org/springframework/spring-aspects/6.1.4/spring-aspects-6.1.4.jar:/home/amanve/.m2/repository/org/springframework/boot/spring-boot-starter-security/3.2.3/spring-boot-starter-security-3.2.3.jar:/home/amanve/.m2/repository/org/springframework/spring-aop/6.1.4/spring-aop-6.1.4.jar:/home/amanve/.m2/repository/org/springframework/security/spring-security-config/6.2.2/spring-security-config-6.2.2.jar:/home/amanve/.m2/repository/org/springframework/security/spring-security-web/6.2.2/spring-security-web-6.2.2.jar:/home/amanve/.m2/repository/org/springframework/boot/spring-boot-starter-validation/3.2.3/spring-boot-starter-validation-3.2.3.jar:/home/amanve/.m2/repository/org/apache/tomcat/embed/tomcat-embed-el/10.1.19/tomcat-embed-el-10.1.19.jar:/home/amanve/.m2/repository/org/hibernate/validator/hibernate-validator/8.0.1.Final/hibernate-validator-8.0.1.Final.jar:/home/amanve/.m2/repository/jakarta/validation/jakarta.validation-api/3.0.2/jakarta.validation-api-3.0.2.jar:/home/amanve/.m2/repository/com/mysql/mysql-connector-j/8.3.0/mysql-connector-j-8.3.0.jar:/home/amanve/.m2/repository/io/jsonwebtoken/jjwt-api/0.11.5/jjwt-api-0.11.5.jar:/home/amanve/.m2/repository/io/jsonwebtoken/jjwt-impl/0.11.5/jjwt-impl-0.11.5.jar:/home/amanve/.m2/repository/io/jsonwebtoken/jjwt-jackson/0.11.5/jjwt-jackson-0.11.5.jar:/home/amanve/.m2/repository/com/fasterxml/jackson/core/jackson-databind/2.15.4/jackson-databind-2.15.4.jar:/home/amanve/.m2/repository/com/fasterxml/jackson/core/jackson-annotations/2.15.4/jackson-annotations-2.15.4.jar:/home/amanve/.m2/repository/com/fasterxml/jackson/core/jackson-core/2.15.4/jackson-core-2.15.4.jar:/home/amanve/.m2/repository/org/projectlombok/lombok/1.18.30/lombok-1.18.30.jar:/home/amanve/.m2/repository/org/springframework/boot/spring-boot-starter-test/3.2.3/spring-boot-starter-test-3.2.3.jar:/home/amanve/.m2/repository/org/springframework/boot/spring-boot-test/3.2.3/spring-boot-test-3.2.3.jar:/home/amanve/.m2/repository/org/springframework/boot/spring-boot-test-autoconfigure/3.2.3/spring-boot-test-autoconfigure-3.2.3.jar:/home/amanve/.m2/repository/com/jayway/jsonpath/json-path/2.9.0/json-path-2.9.0.jar:/home/amanve/.m2/repository/jakarta/xml/bind/jakarta.xml.bind-api/4.0.1/jakarta.xml.bind-api-4.0.1.jar:/home/amanve/.m2/repository/jakarta/activation/jakarta.activation-api/2.1.2/jakarta.activation-api-2.1.2.jar:/home/amanve/.m2/repository/net/minidev/json-smart/2.5.0/json-smart-2.5.0.jar:/home/amanve/.m2/repository/net/minidev/accessors-smart/2.5.0/accessors-smart-2.5.0.jar:/home/amanve/.m2/repository/org/ow2/asm/asm/9.3/asm-9.3.jar:/home/amanve/.m2/repository/org/assertj/assertj-core/3.24.2/assertj-core-3.24.2.jar:/home/amanve/.m2/repository/org/awaitility/awaitility/4.2.0/awaitility-4.2.0.jar:/home/amanve/.m2/repository/org/hamcrest/hamcrest/2.2/hamcrest-2.2.jar:/home/amanve/.m2/repository/org/junit/jupiter/junit-jupiter/5.10.2/junit-jupiter-5.10.2.jar:/home/amanve/.m2/repository/org/junit/jupiter/junit-jupiter-api/5.10.2/junit-jupiter-api-5.10.2.jar:/home/amanve/.m2/repository/org/opentest4j/opentest4j/1.3.0/opentest4j-1.3.0.jar:/home/amanve/.m2/repository/org/junit/platform/junit-platform-commons/1.10.2/junit-platform-commons-1.10.2.jar:/home/amanve/.m2/repository/org/apiguardian/apiguardian-api/1.1.2/apiguardian-api-1.1.2.jar:/home/amanve/.m2/repository/org/junit/jupiter/junit-jupiter-params/5.10.2/junit-jupiter-params-5.10.2.jar:/home/amanve/.m2/repository/org/junit/jupiter/junit-jupiter-engine/5.10.2/junit-jupiter-engine-5.10.2.jar:/home/amanve/.m2/repository/org/junit/platform/junit-platform-engine/1.10.2/junit-platform-engine-1.10.2.jar:/home/amanve/.m2/repository/org/mockito/mockito-core/5.7.0/mockito-core-5.7.0.jar:/home/amanve/.m2/repository/net/bytebuddy/byte-buddy-agent/1.14.12/byte-buddy-agent-1.14.12.jar:/home/amanve/.m2/repository/org/objenesis/objenesis/3.3/objenesis-3.3.jar:/home/amanve/.m2/repository/org/mockito/mockito-junit-jupiter/5.7.0/mockito-junit-jupiter-5.7.0.jar:/home/amanve/.m2/repository/org/skyscreamer/jsonassert/1.5.1/jsonassert-1.5.1.jar:/home/amanve/.m2/repository/com/vaadin/external/google/android-json/0.0.20131108.vaadin1/android-json-0.0.20131108.vaadin1.jar:/home/amanve/.m2/repository/org/springframework/spring-core/6.1.4/spring-core-6.1.4.jar:/home/amanve/.m2/repository/org/springframework/spring-jcl/6.1.4/spring-jcl-6.1.4.jar:/home/amanve/.m2/repository/org/springframework/spring-test/6.1.4/spring-test-6.1.4.jar:/home/amanve/.m2/repository/org/xmlunit/xmlunit-core/2.9.1/xmlunit-core-2.9.1.jar:/home/amanve/.m2/repository/org/springframework/security/spring-security-test/6.2.2/spring-security-test-6.2.2.jar:/home/amanve/.m2/repository/org/springframework/security/spring-security-core/6.2.2/spring-security-core-6.2.2.jar:/home/amanve/.m2/repository/org/springframework/security/spring-security-crypto/6.2.2/spring-security-crypto-6.2.2.jar:/home/amanve/.m2/repository/com/h2database/h2/2.2.224/h2-2.2.224.jar:/home/amanve/.m2/repository/io/micrometer/micrometer-registry-prometheus/1.12.3/micrometer-registry-prometheus-1.12.3.jar:/home/amanve/.m2/repository/io/micrometer/micrometer-core/1.12.3/micrometer-core-1.12.3.jar:/home/amanve/.m2/repository/io/micrometer/micrometer-commons/1.12.3/micrometer-commons-1.12.3.jar:/home/amanve/.m2/repository/org/hdrhistogram/HdrHistogram/2.1.12/HdrHistogram-2.1.12.jar:/home/amanve/.m2/repository/org/latencyutils/LatencyUtils/2.0.3/LatencyUtils-2.0.3.jar:/home/amanve/.m2/repository/io/prometheus/simpleclient_common/0.16.0/simpleclient_common-0.16.0.jar:/home/amanve/.m2/repository/io/prometheus/simpleclient/0.16.0/simpleclient-0.16.0.jar:/home/amanve/.m2/repository/io/prometheus/simpleclient_tracer_otel/0.16.0/simpleclient_tracer_otel-0.16.0.jar:/home/amanve/.m2/repository/io/prometheus/simpleclient_tracer_common/0.16.0/simpleclient_tracer_common-0.16.0.jar:/home/amanve/.m2/repository/io/prometheus/simpleclient_tracer_otel_agent/0.16.0/simpleclient_tracer_otel_agent-0.16.0.jar:"/>
    <property name="sun.cpu.endian" value="little"/>
    <property name="user.home" value="/home/amanve"/>
    <property name="user.language" value="en"/>
    <property name="java.specification.vendor" value="Oracle Corporation"/>
    <property name="java.version.date" value="2025-04-15"/>
    <property name="java.home" value="/usr/lib/jvm/java-17-openjdk-amd64"/>
    <property name="file.separator" value="/"/>
    <property name="basedir" value="/home/amanve/Desktop/SDE_Project/microservices/backend"/>
    <property name="java.vm.compressedOopsMode" value="Zero based"/>
    <property name="line.separator" value="&#10;"/>
    <property name="java.vm.specification.vendor" value="Oracle Corporation"/>
    <property name="java.specification.name" value="Java Platform API Specification"/>
    <property name="FILE_LOG_CHARSET" value="UTF-8"/>
    <property name="java.awt.headless" value="true"/>
    <property name="surefire.real.class.path" value="/home/amanve/Desktop/SDE_Project/microservices/backend/target/surefire/surefirebooter-20250525141929921_3.jar"/>
    <property name="sun.management.compiler" value="HotSpot 64-Bit Tiered Compilers"/>
    <property name="java.runtime.version" value="17.0.15+6-Ubuntu-0ubuntu122.04"/>
    <property name="user.name" value="amanve"/>
    <property name="path.separator" value=":"/>
    <property name="os.version" value="6.8.0-59-generic"/>
    <property name="java.runtime.name" value="OpenJDK Runtime Environment"/>
    <property name="file.encoding" value="UTF-8"/>
    <property name="java.vm.name" value="OpenJDK 64-Bit Server VM"/>
    <property name="localRepository" value="/home/amanve/.m2/repository"/>
    <property name="java.vendor.url.bug" value="https://bugs.launchpad.net/ubuntu/+source/openjdk-17"/>
    <property name="java.io.tmpdir" value="/tmp"/>
    <property name="java.version" value="17.0.15"/>
    <property name="user.dir" value="/home/amanve/Desktop/SDE_Project/microservices/backend"/>
    <property name="os.arch" value="amd64"/>
    <property name="java.vm.specification.name" value="Java Virtual Machine Specification"/>
    <property name="PID" value="6704"/>
    <property name="CONSOLE_LOG_CHARSET" value="UTF-8"/>
    <property name="native.encoding" value="UTF-8"/>
    <property name="java.library.path" value="/tmp/.mount_Cursor5xyiw1/usr/lib/:/tmp/.mount_Cursor5xyiw1/usr/lib32/:/tmp/.mount_Cursor5xyiw1/usr/lib64/:/tmp/.mount_Cursor5xyiw1/lib/:/tmp/.mount_Cursor5xyiw1/lib/i386-linux-gnu/:/tmp/.mount_Cursor5xyiw1/lib/x86_64-linux-gnu/:/tmp/.mount_Cursor5xyiw1/lib/aarch64-linux-gnu/:/tmp/.mount_Cursor5xyiw1/lib32/:/tmp/.mount_Cursor5xyiw1/lib64/::/usr/java/packages/lib:/usr/lib/x86_64-linux-gnu/jni:/lib/x86_64-linux-gnu:/usr/lib/x86_64-linux-gnu:/usr/lib/jni:/lib:/usr/lib"/>
    <property name="java.vm.info" value="mixed mode, sharing"/>
    <property name="java.vendor" value="Ubuntu"/>
    <property name="java.vm.version" value="17.0.15+6-Ubuntu-0ubuntu122.04"/>
    <property name="java.specification.maintenance.version" value="1"/>
    <property name="sun.io.unicode.encoding" value="UnicodeLittle"/>
    <property name="java.class.version" value="61.0"/>
    <property name="LOGGED_APPLICATION_NAME" value="[hospital-management] "/>
  </properties>
  <testcase name="predictHeartAttackRiskWithInvalidData" classname="com.hospital.controller.HeartAttackPredictionControllerTest" time="0.187">
    <system-out><![CDATA[2025-05-25T14:19:35.927+05:30  INFO 6704 --- [hospital-management] [           main] t.c.s.AnnotationConfigContextLoaderUtils : Could not detect default configuration classes for test class [com.hospital.controller.HeartAttackPredictionControllerTest]: HeartAttackPredictionControllerTest does not declare any static, non-private, non-final, nested classes annotated with @Configuration.
2025-05-25T14:19:35.939+05:30  INFO 6704 --- [hospital-management] [           main] .b.t.c.SpringBootTestContextBootstrapper : Found @SpringBootConfiguration com.hospital.HospitalManagementApplication for test class com.hospital.controller.HeartAttackPredictionControllerTest

  .   ____          _            __ _ _
 /\\ / ___'_ __ _ _(_)_ __  __ _ \ \ \ \
( ( )\___ | '_ | '_| | '_ \/ _` | \ \ \ \
 \\/  ___)| |_)| | | | | || (_| |  ) ) ) )
  '  |____| .__|_| |_|_| |_\__, | / / / /
 =========|_|==============|___/=/_/_/_/
 :: Spring Boot ::                (v3.2.3)

2025-05-25T14:19:35.977+05:30  INFO 6704 --- [hospital-management] [           main] .h.c.HeartAttackPredictionControllerTest : Starting HeartAttackPredictionControllerTest using Java 17.0.15 with PID 6704 (started by amanve in /home/amanve/Desktop/SDE_Project/microservices/backend)
2025-05-25T14:19:35.978+05:30 DEBUG 6704 --- [hospital-management] [           main] .h.c.HeartAttackPredictionControllerTest : Running with Spring Boot v3.2.3, Spring v6.1.4
2025-05-25T14:19:35.978+05:30  INFO 6704 --- [hospital-management] [           main] .h.c.HeartAttackPredictionControllerTest : No active profile set, falling back to 1 default profile: "default"
2025-05-25T14:19:36.335+05:30  INFO 6704 --- [hospital-management] [           main] o.s.s.web.DefaultSecurityFilterChain     : Will secure any request with [org.springframework.security.web.session.DisableEncodeUrlFilter@2c238bbf, org.springframework.security.web.context.request.async.WebAsyncManagerIntegrationFilter@50603313, org.springframework.security.web.context.SecurityContextHolderFilter@32b64a6d, org.springframework.security.web.header.HeaderWriterFilter@1ecdfe1e, org.springframework.web.filter.CorsFilter@29a01820, org.springframework.security.web.authentication.logout.LogoutFilter@2e2a42ba, org.springframework.security.web.savedrequest.RequestCacheAwareFilter@5ef98f3f, org.springframework.security.web.servletapi.SecurityContextHolderAwareRequestFilter@5f83a8dc, org.springframework.security.web.authentication.AnonymousAuthenticationFilter@2ec969ba, org.springframework.security.web.access.ExceptionTranslationFilter@21041ffb, org.springframework.security.web.access.intercept.AuthorizationFilter@7e3f3a34]
2025-05-25T14:19:36.352+05:30  INFO 6704 --- [hospital-management] [           main] o.s.s.web.DefaultSecurityFilterChain     : Will secure any request with [org.springframework.security.web.session.DisableEncodeUrlFilter@7c33d81f, org.springframework.security.web.context.request.async.WebAsyncManagerIntegrationFilter@e2cf713, org.springframework.security.web.context.SecurityContextHolderFilter@74b57299, org.springframework.security.web.header.HeaderWriterFilter@4c8c3285, org.springframework.web.filter.CorsFilter@32fc8a41, org.springframework.security.web.authentication.logout.LogoutFilter@4d47f547, org.springframework.security.web.savedrequest.RequestCacheAwareFilter@156437f7, org.springframework.security.web.servletapi.SecurityContextHolderAwareRequestFilter@3f8c695d, org.springframework.security.web.authentication.AnonymousAuthenticationFilter@ffad70, org.springframework.security.web.access.ExceptionTranslationFilter@18365e98, org.springframework.security.web.access.intercept.AuthorizationFilter@2532e07e]
2025-05-25T14:19:36.470+05:30 DEBUG 6704 --- [hospital-management] [           main] c.h.security.JwtAuthenticationFilter     : Filter 'jwtAuthenticationFilter' configured for use
2025-05-25T14:19:36.471+05:30  INFO 6704 --- [hospital-management] [           main] o.s.b.t.m.w.SpringBootMockServletContext : Initializing Spring TestDispatcherServlet ''
2025-05-25T14:19:36.471+05:30  INFO 6704 --- [hospital-management] [           main] o.s.t.web.servlet.TestDispatcherServlet  : Initializing Servlet ''
2025-05-25T14:19:36.471+05:30  INFO 6704 --- [hospital-management] [           main] o.s.t.web.servlet.TestDispatcherServlet  : Completed initialization in 0 ms
2025-05-25T14:19:36.485+05:30  INFO 6704 --- [hospital-management] [           main] .h.c.HeartAttackPredictionControllerTest : Started HeartAttackPredictionControllerTest in 0.541 seconds (process running for 6.497)
2025-05-25T14:19:36.516+05:30 DEBUG 6704 --- [hospital-management] [           main] w.c.HttpSessionSecurityContextRepository : Created HttpSession as SecurityContext is non-default
2025-05-25T14:19:36.516+05:30 DEBUG 6704 --- [hospital-management] [           main] w.c.HttpSessionSecurityContextRepository : Stored SecurityContextImpl [Authentication=UsernamePasswordAuthenticationToken [Principal=org.springframework.security.core.userdetails.User [Username=doctor1, Password=[PROTECTED], Enabled=true, AccountNonExpired=true, CredentialsNonExpired=true, AccountNonLocked=true, Granted Authorities=[ROLE_DOCTOR]], Credentials=[PROTECTED], Authenticated=true, Details=null, Granted Authorities=[ROLE_DOCTOR]]] to HttpSession [org.springframework.mock.web.MockHttpSession@7e78953e]
2025-05-25T14:19:36.517+05:30 DEBUG 6704 --- [hospital-management] [           main] o.s.security.web.FilterChainProxy        : Securing POST /api/predict/heart-attack-risk
2025-05-25T14:19:36.518+05:30 DEBUG 6704 --- [hospital-management] [           main] o.s.security.web.FilterChainProxy        : Secured POST /api/predict/heart-attack-risk
2025-05-25T14:19:36.518+05:30 DEBUG 6704 --- [hospital-management] [           main] c.h.security.JwtAuthenticationFilter     : Processing request to '/api/predict/heart-attack-risk' with JWT: absent
2025-05-25T14:19:36.672+05:30 DEBUG 6704 --- [hospital-management] [           main] w.c.HttpSessionSecurityContextRepository : Retrieved SecurityContextImpl [Authentication=UsernamePasswordAuthenticationToken [Principal=org.springframework.security.core.userdetails.User [Username=doctor1, Password=[PROTECTED], Enabled=true, AccountNonExpired=true, CredentialsNonExpired=true, AccountNonLocked=true, Granted Authorities=[ROLE_DOCTOR]], Credentials=[PROTECTED], Authenticated=true, Details=null, Granted Authorities=[ROLE_DOCTOR]]]
]]></system-out>
  </testcase>
  <testcase name="predictHeartAttackRiskSuccess" classname="com.hospital.controller.HeartAttackPredictionControllerTest" time="0.025">
    <system-out><![CDATA[2025-05-25T14:19:36.685+05:30 DEBUG 6704 --- [hospital-management] [           main] w.c.HttpSessionSecurityContextRepository : Created HttpSession as SecurityContext is non-default
2025-05-25T14:19:36.685+05:30 DEBUG 6704 --- [hospital-management] [           main] w.c.HttpSessionSecurityContextRepository : Stored SecurityContextImpl [Authentication=UsernamePasswordAuthenticationToken [Principal=org.springframework.security.core.userdetails.User [Username=doctor1, Password=[PROTECTED], Enabled=true, AccountNonExpired=true, CredentialsNonExpired=true, AccountNonLocked=true, Granted Authorities=[ROLE_DOCTOR]], Credentials=[PROTECTED], Authenticated=true, Details=null, Granted Authorities=[ROLE_DOCTOR]]] to HttpSession [org.springframework.mock.web.MockHttpSession@26fddb3f]
2025-05-25T14:19:36.686+05:30 DEBUG 6704 --- [hospital-management] [           main] o.s.security.web.FilterChainProxy        : Securing POST /api/predict/heart-attack-risk
2025-05-25T14:19:36.687+05:30 DEBUG 6704 --- [hospital-management] [           main] o.s.security.web.FilterChainProxy        : Secured POST /api/predict/heart-attack-risk
2025-05-25T14:19:36.687+05:30 DEBUG 6704 --- [hospital-management] [           main] c.h.security.JwtAuthenticationFilter     : Processing request to '/api/predict/heart-attack-risk' with JWT: absent
2025-05-25T14:19:36.689+05:30 DEBUG 6704 --- [hospital-management] [           main] horizationManagerBeforeMethodInterceptor : Authorizing method invocation ReflectiveMethodInvocation: public org.springframework.http.ResponseEntity com.hospital.controller.HeartAttackPredictionController.predictHeartAttackRisk(com.hospital.dto.HeartAttackPredictionRequest); target is of class [com.hospital.controller.HeartAttackPredictionController]
2025-05-25T14:19:36.691+05:30 DEBUG 6704 --- [hospital-management] [           main] w.c.HttpSessionSecurityContextRepository : Retrieved SecurityContextImpl [Authentication=UsernamePasswordAuthenticationToken [Principal=org.springframework.security.core.userdetails.User [Username=doctor1, Password=[PROTECTED], Enabled=true, AccountNonExpired=true, CredentialsNonExpired=true, AccountNonLocked=true, Granted Authorities=[ROLE_DOCTOR]], Credentials=[PROTECTED], Authenticated=true, Details=null, Granted Authorities=[ROLE_DOCTOR]]]
2025-05-25T14:19:36.691+05:30 DEBUG 6704 --- [hospital-management] [           main] horizationManagerBeforeMethodInterceptor : Authorized method invocation ReflectiveMethodInvocation: public org.springframework.http.ResponseEntity com.hospital.controller.HeartAttackPredictionController.predictHeartAttackRisk(com.hospital.dto.HeartAttackPredictionRequest); target is of class [com.hospital.controller.HeartAttackPredictionController]
]]></system-out>
  </testcase>
</testsuite>